14:40:18 INFO  : Registering command handlers for SDK TCF services
14:40:19 INFO  : Launching XSCT server: xsct.bat -interactive C:\Users\adiba\project_2\project_2.sdk\temp_xsdb_launch_script.tcl
14:40:22 INFO  : XSCT server has started successfully.
14:40:24 INFO  : Successfully done setting XSCT server connection channel  
14:40:24 INFO  : Successfully done setting SDK workspace  
14:40:24 INFO  : Processing command line option -hwspec C:/Users/adiba/project_2/project_2.sdk/design_1_wrapper.hdf.
14:44:43 INFO  : 'targets -set -filter {jtag_cable_name =~ "Digilent Basys3 210183B31C3BA" && level==0} -index 0' command is executed.
14:44:43 INFO  : 'fpga -state' command is executed.
14:45:15 INFO  : 'targets -set -filter {jtag_cable_name =~ "Digilent Basys3 210183B31C3BA" && level==0} -index 0' command is executed.
14:45:15 INFO  : 'fpga -state' command is executed.
14:45:15 INFO  : Connected to target on host '127.0.0.1' and port '3121'.
14:45:15 INFO  : Jtag cable 'Digilent Basys3 210183B31C3BA' is selected.
14:45:15 INFO  : 'jtag frequency' command is executed.
14:45:15 INFO  : 'configparams mdm-detect-bscan-mask 2' command is executed.
14:45:15 INFO  : Context for processor 'microblaze_0' is selected.
14:45:15 INFO  : Processor reset is completed for 'microblaze_0'.
14:45:15 INFO  : Context for processor 'microblaze_0' is selected.
14:45:15 INFO  : The application 'C:/Users/adiba/project_2/project_2.sdk/poop/Debug/poop.elf' is downloaded to processor 'microblaze_0'.
14:45:15 INFO  : ----------------XSDB Script----------------
connect -url tcp:127.0.0.1:3121
configparams mdm-detect-bscan-mask 2
targets -set -nocase -filter {name =~ "microblaze*#0" && bscan=="USER2"  && jtag_cable_name =~ "Digilent Basys3 210183B31C3BA"} -index 0
rst -processor
targets -set -nocase -filter {name =~ "microblaze*#0" && bscan=="USER2"  && jtag_cable_name =~ "Digilent Basys3 210183B31C3BA"} -index 0
dow C:/Users/adiba/project_2/project_2.sdk/poop/Debug/poop.elf
----------------End of Script----------------

14:45:15 INFO  : Memory regions updated for context MicroBlaze #0
14:45:15 INFO  : Memory regions updated for context MicroBlaze #0
14:45:16 INFO  : Context for processor 'microblaze_0' is selected.
14:45:16 INFO  : 'con' command is executed.
14:45:16 INFO  : ----------------XSDB Script (After Launch)----------------
targets -set -nocase -filter {name =~ "microblaze*#0" && bscan=="USER2"  && jtag_cable_name =~ "Digilent Basys3 210183B31C3BA"} -index 0
con
----------------End of Script----------------

14:45:16 INFO  : Launch script is exported to file 'C:\Users\adiba\project_2\project_2.sdk\.sdk\launch_scripts\xilinx_c-c++_application_(system_debugger)\system_debugger_using_debug_poop.elf_on_local.tcl'
10:06:14 INFO  : Registering command handlers for SDK TCF services
10:06:15 INFO  : Launching XSCT server: xsct.bat -interactive C:\Users\adiba\project_2\project_2.sdk\temp_xsdb_launch_script.tcl
10:06:19 INFO  : XSCT server has started successfully.
10:06:23 INFO  : Successfully done setting XSCT server connection channel  
10:06:23 INFO  : Successfully done setting SDK workspace  
10:06:23 INFO  : Processing command line option -hwspec C:/Users/adiba/project_2/project_2.sdk/design_1_wrapper.hdf.
10:06:23 INFO  : Checking for hwspec changes in the project design_1_wrapper_hw_platform_0.
10:06:26 INFO  : SDK has detected change in the last modified timestamps for source hardware specification file Source:1764266362185,  Project:1764196395929
10:06:26 INFO  : The hardware specification for project 'design_1_wrapper_hw_platform_0' is different from C:/Users/adiba/project_2/project_2.sdk/design_1_wrapper.hdf.
10:06:26 INFO  : Copied contents of C:/Users/adiba/project_2/project_2.sdk/design_1_wrapper.hdf into \design_1_wrapper_hw_platform_0\system.hdf.
10:06:26 INFO  : Synchronizing projects in the workspace with the hardware platform specification changes.
10:06:29 INFO  : 
10:06:29 INFO  : Updating hardware inferred compiler options for poop.
10:06:30 INFO  : Clearing existing target manager status.
10:16:13 INFO  : Registering command handlers for SDK TCF services
10:16:13 INFO  : Launching XSCT server: xsct.bat -interactive C:\Users\adiba\project_2\project_2.sdk\temp_xsdb_launch_script.tcl
10:16:15 INFO  : XSCT server has started successfully.
10:16:15 INFO  : Successfully done setting XSCT server connection channel  
10:16:16 INFO  : Successfully done setting SDK workspace  
10:16:16 INFO  : Processing command line option -hwspec C:/Users/adiba/project_2/project_2.sdk/design_1_wrapper.hdf.
10:25:33 INFO  : 'targets -set -filter {jtag_cable_name =~ "Digilent Basys3 210183B31C3BA" && level==0} -index 0' command is executed.
10:25:33 INFO  : 'fpga -state' command is executed.
10:25:33 INFO  : Connected to target on host '127.0.0.1' and port '3121'.
10:25:33 INFO  : Jtag cable 'Digilent Basys3 210183B31C3BA' is selected.
10:25:33 INFO  : 'jtag frequency' command is executed.
10:25:33 INFO  : 'configparams mdm-detect-bscan-mask 2' command is executed.
10:25:33 INFO  : Context for processor 'microblaze_0' is selected.
10:25:33 INFO  : Processor reset is completed for 'microblaze_0'.
10:25:33 INFO  : Context for processor 'microblaze_0' is selected.
10:25:33 INFO  : The application 'C:/Users/adiba/project_2/project_2.sdk/poopy/Debug/poopy.elf' is downloaded to processor 'microblaze_0'.
10:25:33 INFO  : ----------------XSDB Script----------------
connect -url tcp:127.0.0.1:3121
configparams mdm-detect-bscan-mask 2
targets -set -nocase -filter {name =~ "microblaze*#0" && bscan=="USER2"  && jtag_cable_name =~ "Digilent Basys3 210183B31C3BA"} -index 0
rst -processor
targets -set -nocase -filter {name =~ "microblaze*#0" && bscan=="USER2"  && jtag_cable_name =~ "Digilent Basys3 210183B31C3BA"} -index 0
dow C:/Users/adiba/project_2/project_2.sdk/poopy/Debug/poopy.elf
----------------End of Script----------------

10:25:33 INFO  : Memory regions updated for context MicroBlaze #0
10:25:33 INFO  : Memory regions updated for context MicroBlaze #0
10:25:33 INFO  : Context for processor 'microblaze_0' is selected.
10:25:33 INFO  : 'con' command is executed.
10:25:33 INFO  : ----------------XSDB Script (After Launch)----------------
targets -set -nocase -filter {name =~ "microblaze*#0" && bscan=="USER2"  && jtag_cable_name =~ "Digilent Basys3 210183B31C3BA"} -index 0
con
----------------End of Script----------------

10:25:33 INFO  : Launch script is exported to file 'C:\Users\adiba\project_2\project_2.sdk\.sdk\launch_scripts\xilinx_c-c++_application_(system_debugger)\system_debugger_using_debug_poopy.elf_on_local.tcl'
10:35:28 INFO  : Disconnected from the channel tcfchan#1.
10:35:29 INFO  : 'targets -set -filter {jtag_cable_name =~ "Digilent Basys3 210183B31C3BA" && level==0} -index 0' command is executed.
10:35:29 INFO  : 'fpga -state' command is executed.
10:35:29 INFO  : Connected to target on host '127.0.0.1' and port '3121'.
10:35:29 INFO  : Jtag cable 'Digilent Basys3 210183B31C3BA' is selected.
10:35:29 INFO  : 'jtag frequency' command is executed.
10:35:29 INFO  : 'configparams mdm-detect-bscan-mask 2' command is executed.
10:35:29 INFO  : Context for processor 'microblaze_0' is selected.
10:35:29 INFO  : Processor reset is completed for 'microblaze_0'.
10:35:29 INFO  : Context for processor 'microblaze_0' is selected.
10:35:29 INFO  : The application 'C:/Users/adiba/project_2/project_2.sdk/poopy/Debug/poopy.elf' is downloaded to processor 'microblaze_0'.
10:35:29 INFO  : ----------------XSDB Script----------------
connect -url tcp:127.0.0.1:3121
configparams mdm-detect-bscan-mask 2
targets -set -nocase -filter {name =~ "microblaze*#0" && bscan=="USER2"  && jtag_cable_name =~ "Digilent Basys3 210183B31C3BA"} -index 0
rst -processor
targets -set -nocase -filter {name =~ "microblaze*#0" && bscan=="USER2"  && jtag_cable_name =~ "Digilent Basys3 210183B31C3BA"} -index 0
dow C:/Users/adiba/project_2/project_2.sdk/poopy/Debug/poopy.elf
----------------End of Script----------------

10:35:29 INFO  : Memory regions updated for context MicroBlaze #0
10:35:29 INFO  : Memory regions updated for context MicroBlaze #0
10:35:29 INFO  : Context for processor 'microblaze_0' is selected.
10:35:29 INFO  : 'con' command is executed.
10:35:29 INFO  : ----------------XSDB Script (After Launch)----------------
targets -set -nocase -filter {name =~ "microblaze*#0" && bscan=="USER2"  && jtag_cable_name =~ "Digilent Basys3 210183B31C3BA"} -index 0
con
----------------End of Script----------------

10:35:29 INFO  : Launch script is exported to file 'C:\Users\adiba\project_2\project_2.sdk\.sdk\launch_scripts\xilinx_c-c++_application_(system_debugger)\system_debugger_using_debug_poopy.elf_on_local.tcl'
10:55:16 INFO  : Disconnected from the channel tcfchan#2.
10:55:17 INFO  : 'targets -set -filter {jtag_cable_name =~ "Digilent Basys3 210183B31C3BA" && level==0} -index 0' command is executed.
10:55:17 INFO  : 'fpga -state' command is executed.
10:55:17 INFO  : Connected to target on host '127.0.0.1' and port '3121'.
10:55:17 INFO  : Jtag cable 'Digilent Basys3 210183B31C3BA' is selected.
10:55:17 INFO  : 'jtag frequency' command is executed.
10:55:17 INFO  : 'configparams mdm-detect-bscan-mask 2' command is executed.
10:55:17 INFO  : Context for processor 'microblaze_0' is selected.
10:55:17 INFO  : Processor reset is completed for 'microblaze_0'.
10:55:17 INFO  : Context for processor 'microblaze_0' is selected.
10:55:17 INFO  : The application 'C:/Users/adiba/project_2/project_2.sdk/poopy/Debug/poopy.elf' is downloaded to processor 'microblaze_0'.
10:55:17 INFO  : ----------------XSDB Script----------------
connect -url tcp:127.0.0.1:3121
configparams mdm-detect-bscan-mask 2
targets -set -nocase -filter {name =~ "microblaze*#0" && bscan=="USER2"  && jtag_cable_name =~ "Digilent Basys3 210183B31C3BA"} -index 0
rst -processor
targets -set -nocase -filter {name =~ "microblaze*#0" && bscan=="USER2"  && jtag_cable_name =~ "Digilent Basys3 210183B31C3BA"} -index 0
dow C:/Users/adiba/project_2/project_2.sdk/poopy/Debug/poopy.elf
----------------End of Script----------------

10:55:17 INFO  : Memory regions updated for context MicroBlaze #0
10:55:17 INFO  : Memory regions updated for context MicroBlaze #0
10:55:17 INFO  : Context for processor 'microblaze_0' is selected.
10:55:17 INFO  : 'con' command is executed.
10:55:17 INFO  : ----------------XSDB Script (After Launch)----------------
targets -set -nocase -filter {name =~ "microblaze*#0" && bscan=="USER2"  && jtag_cable_name =~ "Digilent Basys3 210183B31C3BA"} -index 0
con
----------------End of Script----------------

10:55:17 INFO  : Launch script is exported to file 'C:\Users\adiba\project_2\project_2.sdk\.sdk\launch_scripts\xilinx_c-c++_application_(system_debugger)\system_debugger_using_debug_poopy.elf_on_local.tcl'
11:07:41 INFO  : Disconnected from the channel tcfchan#3.
11:07:43 INFO  : 'targets -set -filter {jtag_cable_name =~ "Digilent Basys3 210183B31C3BA" && level==0} -index 0' command is executed.
11:07:43 INFO  : 'fpga -state' command is executed.
11:07:43 INFO  : Connected to target on host '127.0.0.1' and port '3121'.
11:07:43 INFO  : Jtag cable 'Digilent Basys3 210183B31C3BA' is selected.
11:07:43 INFO  : 'jtag frequency' command is executed.
11:07:43 INFO  : 'configparams mdm-detect-bscan-mask 2' command is executed.
11:07:43 INFO  : Context for processor 'microblaze_0' is selected.
11:07:43 INFO  : Processor reset is completed for 'microblaze_0'.
11:07:43 INFO  : Context for processor 'microblaze_0' is selected.
11:07:43 INFO  : The application 'C:/Users/adiba/project_2/project_2.sdk/poopy/Debug/poopy.elf' is downloaded to processor 'microblaze_0'.
11:07:43 INFO  : ----------------XSDB Script----------------
connect -url tcp:127.0.0.1:3121
configparams mdm-detect-bscan-mask 2
targets -set -nocase -filter {name =~ "microblaze*#0" && bscan=="USER2"  && jtag_cable_name =~ "Digilent Basys3 210183B31C3BA"} -index 0
rst -processor
targets -set -nocase -filter {name =~ "microblaze*#0" && bscan=="USER2"  && jtag_cable_name =~ "Digilent Basys3 210183B31C3BA"} -index 0
dow C:/Users/adiba/project_2/project_2.sdk/poopy/Debug/poopy.elf
----------------End of Script----------------

11:07:43 INFO  : Memory regions updated for context MicroBlaze #0
11:07:43 INFO  : Memory regions updated for context MicroBlaze #0
11:07:43 INFO  : Context for processor 'microblaze_0' is selected.
11:07:43 INFO  : 'con' command is executed.
11:07:43 INFO  : ----------------XSDB Script (After Launch)----------------
targets -set -nocase -filter {name =~ "microblaze*#0" && bscan=="USER2"  && jtag_cable_name =~ "Digilent Basys3 210183B31C3BA"} -index 0
con
----------------End of Script----------------

11:07:43 INFO  : Launch script is exported to file 'C:\Users\adiba\project_2\project_2.sdk\.sdk\launch_scripts\xilinx_c-c++_application_(system_debugger)\system_debugger_using_debug_poopy.elf_on_local.tcl'
11:09:57 INFO  : Disconnected from the channel tcfchan#4.
16:30:07 INFO  : Registering command handlers for SDK TCF services
16:30:08 INFO  : Launching XSCT server: xsct.bat -interactive C:\Users\adiba\project_2\project_2.sdk\temp_xsdb_launch_script.tcl
16:30:11 INFO  : XSCT server has started successfully.
16:30:11 INFO  : Successfully done setting XSCT server connection channel  
16:30:11 INFO  : Successfully done setting SDK workspace  
16:30:11 INFO  : Processing command line option -hwspec C:/Users/adiba/project_2/project_2.sdk/design_1_wrapper.hdf.
16:30:11 INFO  : Checking for hwspec changes in the project design_1_wrapper_hw_platform_0.
16:30:13 INFO  : SDK has detected change in the last modified timestamps for source hardware specification file Source:1764269602812,  Project:1764266362185
16:30:13 INFO  : The hardware specification for project 'design_1_wrapper_hw_platform_0' is different from C:/Users/adiba/project_2/project_2.sdk/design_1_wrapper.hdf.
16:30:13 INFO  : Copied contents of C:/Users/adiba/project_2/project_2.sdk/design_1_wrapper.hdf into \design_1_wrapper_hw_platform_0\system.hdf.
16:30:13 INFO  : Synchronizing projects in the workspace with the hardware platform specification changes.
16:30:15 INFO  : 
16:30:16 INFO  : Updating hardware inferred compiler options for poopy.
16:30:16 INFO  : Clearing existing target manager status.
